Session Start: Thu Feb 12 21:10:01 1998
*** Now talking in #courier98
#courier98 topic is TrAdE/[Morbid] looking for Crackers,       Want on Endurance Msg _TecH_
  .-------------------------------------------------------.
  | Topic: TrAdE/[Morbid] looking for Crackers, Want on E |
  |        ndurance Msg _TecH_                            |
  | SetBy: _TecH_     Thu Feb 12 18:23:46 1998            |
  '-------------------------------------------------------'
#courier98 topic set by _TecH_ on Thu Feb 12 18:23:46
(µ) [o: 53][v: 35][n: 25][t: 113][m: +stin]
#courier98 created on Thu Dec 18 17:28:54
-TVaulT-  Greets To :
-TVaulT-  --= Welcome To #Courier98 =--
-TVaulT-  Guano and |db| #c98 CODERS! Thanks Guys!
-TVaulT-  and All Couriers and Siteops !
<StarFire> (( StarFire ))  tampa  /0212/CyberSpace.AddWeb.v2.05.Standard.Incl.Gold.Version.Win95NT.Regged-CORE
<StarFire> (( StarFire ))  tampa  /0212/CYBERSPYDER.LINK.TEST.V.2.1c.WIN95NT-SWAT
*** TVaulT sets mode: +o MuadDib
<dcbot> [dC] New Utils Upload: (shinobi/illicit) Directory_Printer_V1.6_reg-ML
<StarFire> (( StarFire ))  tampa  /0212/HTML.Scissor.v1.30.Cracked-DNG
*** Joins: [mad] (dunno@ke-ts2-4.glinx.com)
*** Retrieving #courier98 channel info...
<EndurancE> [rFtpd] Endurance (kingbrit - TRPS) Simply.Accounting.5.02D.Update.Win3.1-SSC
<^TO^> Technology Overload (blueball - TFA)  Date: 02-12  Time: 14:10  ABSOLUTEFTP.1.0.BETA10.FOR.WINDOWS95-NT-2000AD
<TD>  TheDome - New release: 0212 InfoSpy.2.61.WPN (hamster, hazard)
*** MuadDib changes topic to "ALL siteops NWWFURY.ZIP is A Trojan .. remove it from all sites.. ASAP !!! "
*** GaRDneR sets mode: +o LuiKang
<^Absolut^> [Absolut FTP] (terrible) - (0212/Holiday_Lights_v3.2-HiD)
<c98-DuDe> [Warp Asylum] (anakin) - 0212/GEMBuilder.v5.1.1.for.SmallTalk-PTM  [Courier98]
[DarkLogic:logic@r38h77.res.gatech.edu] what dir is it under
<[newman]> !wcr
<c98-DuDe> [newman] has just been sent the latest Weekly Courier Report!
<XquiziT> [rFtpd] XquiziT (hurricane - X-FoRcE) Directory_Printer_V1.6_reg-ML
*** Joins: h3LiX (wOrkshOp@du162-152.ppp.algonet.se)
<_Loke_> !doop holiday lights
<c98-BoSS> Queueing Dupe request for _Loke_...
<EndurancE> [rFtpd] Endurance (loke - DpA) Armored_Moon-CLS
<_pSt_> [pSt!] Upload: 0212 20:18 (-milan/MCG-) Directory_Printer_V1.6_reg-ML
<StarFire> (( StarFire ))  loke  /0212/ABSOLUTEFTP.1.0.BETA10.FOR.WINDOWS95-NT-2000AD
<dcbot> [dC] New Utils Upload: (trade/CWT) Email.Effects.v1.4.100.cracked-TK
<EndurancE> [rFtpd] Endurance (kingbrit - TRPS) SmartCD.Recording.n.Access.v2.50.CRACKED-PTM
<c98-DuDe> [Warp Asylum] (anakin) - 0212/InfoSpy.2.61.WPN  [Courier98]
<ChuckZzZ> Away! [ zZzZZZzZZZzz HiC ZzzZZzz ] [Time/3h 51m] [Log/On] [Page/Off]
