Session Start: Thu Feb 12 21:03:27 1998
<MuadDib> man
<MuadDib> i dont like those recism remarks
<Kareem> I dont be caring what y0 like whitey!
<MuadDib> well, i got 1 thing to say, 
<MuadDib> stop being a racism, and stop being a racism near me
<Kareem> You and da otha white folk have been opressing my race fo over 500 years, now we have fought back and made an all black pirate group. You just cant deal it you racist!
<MuadDib> i know black people
<MuadDib> i know people from all religions
<MuadDib> and they are equal
<MuadDib> so dont give me this crap
<MuadDib> and about your racist group
<MuadDib> i have the power of 20000 readers under my hands
<Kareem> I dont like da white man Muaddib. Dey am always oppressing us black folk. If you dont like da NFO, den dont download it you honkey
<MuadDib> i wont release it
<MuadDib> and i am asking u not to release my things
<Kareem> We already did release it.
<Kareem> Too late cracker
<MuadDib> take nuke huim
<Kareem> Your English am be bad whitey. 
<MuadDib> then nuke it Mr !
<Kareem> Nope. Its spread EVERYPLACE, on every major site. its not being nuked.
<MuadDib> well
<Kareem> Deal with it.
<MuadDib> i'll arrange it being nuked
<MuadDib> i know allmost everysiteop out there
<Kareem> Thats nice. You am a crazy cracker, and da whole world will see dis release.
-> [msg(tvault)] invite babylon5 #courier98
(µ) INVITE [#courier98]: TVaulT (tvault@zen.triax.com) at 9:10pm.
  .-------------------------------------------------------.
  | MuadDib     | @DarkLogic  | @FBK-       | @LeoD       |
  | +TWE        | @[newman]   | @_LeoD_     | @_Lithium_  |
  | doughty     | @redfox     | +__Shaggy_  | VantMaS-    |
  | @iceb       | @ByronZED   | @Mtoker     | _Loke_      |
  | Bloodfire   | @Charisma   | terrible    | OfFiCeDoG   |
  | WaCK0       | @Aldog      | Kang6902    | Monday      |
  | +AF1h0E     | @shinObi_   | +TWH        | [B]o[H]     |
  | +_SdK_      | @K00SH      | Lethal-     | kurr        |
  | +CwD        | BluEBalL    | +^TO^       | @Novastorm  |
  | +B2b        | @Sh4rKy     | @AlienX`    | LuiKang     |
  | @CaK15      | @DoGaN      | @`DirtyRed  | Tankard     |
  | +c98-BoSS   | [Mord]      | +AncIEnt1   | +TRASHCiTY  |
  | canvas      | +DtDG0D     | @[mza]      | @_b         |
  | @TeNsIOn    | @_moomoo    | @sv|snooze  | @_TecH_     |
  | +CyberG     |             |             |             |
  '-------------'-------------'-------------'-------------'
  .-------------------------------------------------------.
  | +AncRuins   | +PouYou     | {Altera}    | +TWL        |
  | @ChuckZzZ   | +XquiziT    | +EndurancE  | +WildSide   |
  | HuntMS      | +tHEdGS     | +StarFire   | +WT-WiMP    |
  | +Camelot    | +TD         | s-w-a-n     | A-V_Away    |
  | @TurboX     | +ShCKWaVE   | @WildWendy  | +EVILDiCK   |
  | Spin-slp    | +QuadCon    | @ChaPPy     | +RTSAnnce   |
  | @Doubage    | @GaRDneR    | @c98-DuDe   | @synergy    |
  | +dcbot      | @||KoRn||   | @|Smasher|  | @loosClass  |
  | +_pSt_      | @__X__      | @_AsH_      | @SLIP{AWY}  |
  | @Incog      | justarius   | @Velfarre   | @Vampyre    |
  | +TRSPimp    | Goteks      | @Overdrv    | @c98-SiNV   |
  | +DEFIANCE   | +FZ         | @[T]itLe    | @EuroMason  |
  | @TVaulT     | @[Abaddon]  | @FiLTeRS    | @pr0nstar   |
  '-------------'-------------'-------------'-------------'
  .-------------------------------------------------------.
  | +^Absolut^  | @LeoDLioN   | +DzL        | @CyberWar   |
  '-------------'-------------'-------------'-------------'
-> [msg(tvault)] op babylon5
<MuadDib> c/lear
Session Close: Thu Feb 12 21:12:21 1998

