Session Start: Tue Mar 24 15:37:17 1998
<Muad> hey
<Muad> hey
<Muad> hey
<Muad> hey
<Muad> hey
<Muad> hey
<Muad> hey
<Muad> hey
<azrael2> hey
<Muad> how come your ending line says
<Muad> relativity 4 is out
<Muad> how come
<Muad> who are you anyhow ?
<Muad> and that was like 1 year ago.. if i rmeember right
<azrael2> what
<Muad> so whats up with that
<Muad> check your ending line
<Muad> when u quit irc
<azrael2> i dont know what your talking about
<Muad> quit irc
<Muad> and come back
<Muad> *** Quits: azrael2 (Relativity Emag 4.0 IS out !)
<Muad> you see
<Muad> how come ?
<azrael2> i dont know
<azrael2> how do you change it
<Muad> u dont know
<Muad> jeez
<Muad> this is fucking weird
<Muad> welp are u using mirc
<Muad> its in options/perform
<Muad> anyway
<Muad> who are u 
<azrael2> this was my friends he gave it to me
<Muad> mm
<Muad> who is your friend
<azrael2> exo
<Muad> ohh
<Muad> haha
<Muad> this makes sense now
<Muad> anyway
<Muad> gotta go
<Muad> cya later
Session Close: Tue Mar 24 15:42:44 1998

